api_client: base_uri: http://localhost:5011/api/2.0/preview/mlflow
====== list_experiments
api_client.GET: url: http://localhost:5011/api/2.0/preview/mlflow/experiments/list
api_client.GET: rsp: {
  "experiments": [
    {
      "experiment_id": "0",
      "name": "Default",
      "artifact_location": "/home/andre/work/mlflow/test/mlruns/0"
    },
    {
      "experiment_id": "1",
      "name": "py_exp_153456072429",
      "artifact_location": "/home/andre/work/mlflow/test/mlruns/1"
    }
  ]
}
list_experiments: #experiments: 2
  {u'artifact_location': u'/home/andre/work/mlflow/test/mlruns/0', u'name': u'Default', u'experiment_id': u'0'}
  {u'artifact_location': u'/home/andre/work/mlflow/test/mlruns/1', u'name': u'py_exp_153456072429', u'experiment_id': u'1'}
====== create_experiment
CreateExperiment: req: experiment_name: py_exp_153456072699
api_client.POST: req: {"name": "py_exp_153456072699"}
api_client.POST: url: http://localhost:5011/api/2.0/preview/mlflow/experiments/create
api_client.POST: rsp: {
  "experiment_id": "2"
}
create_experiment: rsp.experiment_id: 2
====== create_run
api_client.POST: req: {"source_type": "LOCAL", "start_time": 1534560726, "source_name": "sample.py", "experiment_id": "2", "run_name": "run_for_exp_py_exp_153456072699"}
api_client.POST: url: http://localhost:5011/api/2.0/preview/mlflow/runs/create
api_client.POST: rsp: {
  "run": {
    "info": {
      "run_uuid": "7b3a9f2f4df446709b8015c5cec2e8c0",
      "experiment_id": "2",
      "name": "Run 0",
      "source_type": "LOCAL",
      "source_name": "sample.py",
      "user_id": "",
      "status": "RUNNING",
      "start_time": "1534560726",
      "artifact_uri": "/home/andre/work/mlflow/test/mlruns/2/7b3a9f2f4df446709b8015c5cec2e8c0/artifacts"
    }
  }
}
create_run rsp: {u'status': u'RUNNING', u'source_name': u'sample.py', u'name': u'Run 0', u'artifact_uri': u'/home/andre/work/mlflow/test/mlruns/2/7b3a9f2f4df446709b8015c5cec2e8c0/artifacts', u'start_time': u'1534560726', u'source_type': u'LOCAL', u'run_uuid': u'7b3a9f2f4df446709b8015c5cec2e8c0', u'experiment_id': u'2', u'user_id': u''}
====== Log params and metrics
api_client.POST: req: {"run_uuid": "7b3a9f2f4df446709b8015c5cec2e8c0", "value": "2", "key": "max_depth"}
api_client.POST: url: http://localhost:5011/api/2.0/preview/mlflow/runs/log-parameter
api_client.POST: rsp: {}
api_client.POST: req: {"timestamp": 1534560727, "run_uuid": "7b3a9f2f4df446709b8015c5cec2e8c0", "value": 0.99, "key": "auc"}
api_client.POST: url: http://localhost:5011/api/2.0/preview/mlflow/runs/log-metric
api_client.POST: rsp: {}
====== update_run Run
update_run req: {'status': 'FINISHED', 'run_uuid': u'7b3a9f2f4df446709b8015c5cec2e8c0', 'end_time': 1534561726L}
api_client.POST: req: {"status": "FINISHED", "run_uuid": "7b3a9f2f4df446709b8015c5cec2e8c0", "end_time": 1534561726}
api_client.POST: url: http://localhost:5011/api/2.0/preview/mlflow/runs/update
api_client.POST: rsp: {
  "run_info": {
    "run_uuid": "7b3a9f2f4df446709b8015c5cec2e8c0",
    "experiment_id": "2",
    "name": "Run 0",
    "source_type": "LOCAL",
    "source_name": "sample.py",
    "user_id": "",
    "status": "FINISHED",
    "start_time": "1534560726",
    "end_time": "1534561726",
    "artifact_uri": "/home/andre/work/mlflow/test/mlruns/2/7b3a9f2f4df446709b8015c5cec2e8c0/artifacts"
  }
}
====== get_run
api_client.GET: url: http://localhost:5011/api/2.0/preview/mlflow/runs/get?run_uuid=7b3a9f2f4df446709b8015c5cec2e8c0
api_client.GET: rsp: {
  "run": {
    "info": {
      "run_uuid": "7b3a9f2f4df446709b8015c5cec2e8c0",
      "experiment_id": "2",
      "name": "Run 0",
      "source_type": "LOCAL",
      "source_name": "sample.py",
      "user_id": "",
      "status": "FINISHED",
      "start_time": "1534560726",
      "end_time": "1534561726",
      "artifact_uri": "/home/andre/work/mlflow/test/mlruns/2/7b3a9f2f4df446709b8015c5cec2e8c0/artifacts"
    },
    "data": {
      "metrics": [
        {
          "key": "auc",
          "value": 0.9900000095367432,
          "timestamp": "1534560727"
        }
      ],
      "params": [
        {
          "key": "max_depth",
          "value": "2"
        }
      ]
    }
  }
}
get_run rsp: {u'run': {u'info': {u'status': u'FINISHED', u'source_name': u'sample.py', u'name': u'Run 0', u'artifact_uri': u'/home/andre/work/mlflow/test/mlruns/2/7b3a9f2f4df446709b8015c5cec2e8c0/artifacts', u'start_time': u'1534560726', u'source_type': u'LOCAL', u'run_uuid': u'7b3a9f2f4df446709b8015c5cec2e8c0', u'end_time': u'1534561726', u'experiment_id': u'2', u'user_id': u''}, u'data': {u'metrics': [{u'timestamp': u'1534560727', u'value': 0.9900000095367432, u'key': u'auc'}], u'params': [{u'value': u'2', u'key': u'max_depth'}]}}}
====== get_experiment
api_client.GET: url: http://localhost:5011/api/2.0/preview/mlflow/experiments/get?experiment_id=2
api_client.GET: rsp: {
  "experiment": {
    "experiment_id": "2",
    "name": "py_exp_153456072699",
    "artifact_location": "/home/andre/work/mlflow/test/mlruns/2"
  },
  "runs": [
    {
      "run_uuid": "7b3a9f2f4df446709b8015c5cec2e8c0",
      "experiment_id": "2",
      "name": "Run 0",
      "source_type": "LOCAL",
      "source_name": "sample.py",
      "user_id": "",
      "status": "FINISHED",
      "start_time": "1534560726",
      "end_time": "1534561726",
      "artifact_uri": "/home/andre/work/mlflow/test/mlruns/2/7b3a9f2f4df446709b8015c5cec2e8c0/artifacts"
    }
  ]
}
get_experiment rsp: {u'runs': [{u'status': u'FINISHED', u'source_name': u'sample.py', u'name': u'Run 0', u'artifact_uri': u'/home/andre/work/mlflow/test/mlruns/2/7b3a9f2f4df446709b8015c5cec2e8c0/artifacts', u'start_time': u'1534560726', u'source_type': u'LOCAL', u'run_uuid': u'7b3a9f2f4df446709b8015c5cec2e8c0', u'end_time': u'1534561726', u'experiment_id': u'2', u'user_id': u''}], u'experiment': {u'artifact_location': u'/home/andre/work/mlflow/test/mlruns/2', u'name': u'py_exp_153456072699', u'experiment_id': u'2'}}
====== get_metric
api_client.GET: url: http://localhost:5011/api/2.0/preview/mlflow/metrics/get?run_uuid=7b3a9f2f4df446709b8015c5cec2e8c0&metric_key=auc
api_client.GET: rsp: {
  "metric": {
    "key": "auc",
    "value": 0.9900000095367432,
    "timestamp": "1534560727"
  }
}
get_metric rsp: {u'metric': {u'timestamp': u'1534560727', u'value': 0.9900000095367432, u'key': u'auc'}}
====== get_metric_history
api_client.GET: url: http://localhost:5011/api/2.0/preview/mlflow/metrics/get-history?run_uuid=7b3a9f2f4df446709b8015c5cec2e8c0&metric_key=auc
api_client.GET: rsp: {
  "metrics": [
    {
      "key": "auc",
      "value": 0.9900000095367432,
      "timestamp": "1534560727"
    }
  ]
}
get_metric_history rsp: {u'metrics': [{u'timestamp': u'1534560727', u'value': 0.9900000095367432, u'key': u'auc'}]}
====== list_artifacts
api_client.GET: url: http://localhost:5011/api/2.0/preview/mlflow/artifacts/list?run_uuid=7b3a9f2f4df446709b8015c5cec2e8c0&path=
api_client.GET: rsp: {
  "root_uri": "/home/andre/work/mlflow/test/mlruns/2/7b3a9f2f4df446709b8015c5cec2e8c0/artifacts"
}
list_artifacts rsp: {u'root_uri': u'/home/andre/work/mlflow/test/mlruns/2/7b3a9f2f4df446709b8015c5cec2e8c0/artifacts'}
====== Search
api_client.POST: req: {"anded_expressions": [{"parameter": {"string": {"value": "2", "comparator": "="}, "key": "max_depth"}}, {"metric": {"float": {"value": 0.99, "comparator": ">="}, "key": "auc"}}], "experiment_ids": ["2"]}
api_client.POST: url: http://localhost:5011/api/2.0/preview/mlflow/runs/search
api_client.POST: rsp: {
  "runs": [
    {
      "info": {
        "run_uuid": "7b3a9f2f4df446709b8015c5cec2e8c0",
        "experiment_id": "2",
        "name": "Run 0",
        "source_type": "LOCAL",
        "source_name": "sample.py",
        "user_id": "",
        "status": "FINISHED",
        "start_time": "1534560726",
        "end_time": "1534561726",
        "artifact_uri": "/home/andre/work/mlflow/test/mlruns/2/7b3a9f2f4df446709b8015c5cec2e8c0/artifacts"
      },
      "data": {
        "metrics": [
          {
            "key": "auc",
            "value": 0.9900000095367432,
            "timestamp": "1534560727"
          }
        ],
        "params": [
          {
            "key": "max_depth",
            "value": "2"
          }
        ]
      }
    }
  ]
}
search2 rsp: {u'runs': [{u'info': {u'status': u'FINISHED', u'source_name': u'sample.py', u'name': u'Run 0', u'artifact_uri': u'/home/andre/work/mlflow/test/mlruns/2/7b3a9f2f4df446709b8015c5cec2e8c0/artifacts', u'start_time': u'1534560726', u'source_type': u'LOCAL', u'run_uuid': u'7b3a9f2f4df446709b8015c5cec2e8c0', u'end_time': u'1534561726', u'experiment_id': u'2', u'user_id': u''}, u'data': {u'metrics': [{u'timestamp': u'1534560727', u'value': 0.9900000095367432, u'key': u'auc'}], u'params': [{u'value': u'2', u'key': u'max_depth'}]}}]}
